[debug] [2023-07-29T20:05:09.597Z] ----------------------------------------------------------------------
[debug] [2023-07-29T20:05:09.600Z] Command:       C:\Program Files\nodejs\node.exe C:\Program Files\nodejs\node_modules\firebase-tools\lib\bin\firebase.js init
[debug] [2023-07-29T20:05:09.601Z] CLI Version:   12.4.6
[debug] [2023-07-29T20:05:09.602Z] Platform:      win32
[debug] [2023-07-29T20:05:09.602Z] Node Version:  v16.20.0
[debug] [2023-07-29T20:05:09.605Z] Time:          Sun Jul 30 2023 01:35:09 GMT+0530 (India Standard Time)
[debug] [2023-07-29T20:05:09.605Z] ----------------------------------------------------------------------
[debug] 
[debug] [2023-07-29T20:05:09.619Z] > command requires scopes: ["email","openid","https://www.googleapis.com/auth/cloudplatformprojects.readonly","https://www.googleapis.com/auth/firebase","https://www.googleapis.com/auth/cloud-platform"]
[debug] [2023-07-29T20:05:09.620Z] > authorizing via signed-in user (rushikeshlittu@gmail.com)
[info] 
     ######## #### ########  ######## ########     ###     ######  ########
     ##        ##  ##     ## ##       ##     ##  ##   ##  ##       ##
     ######    ##  ########  ######   ########  #########  ######  ######
     ##        ##  ##    ##  ##       ##     ## ##     ##       ## ##
     ##       #### ##     ## ######## ########  ##     ##  ######  ########

You're about to initialize a Firebase project in this directory:

  D:\mountbasil

[info] 
=== Project Setup
[info] 
[info] First, let's associate this project directory with a Firebase project.
[info] You can create multiple project aliases by running firebase use --add, 
[info] but for now we'll just set up a default project.
[info] 
[debug] [2023-07-29T20:07:39.564Z] >>> [apiv2][query] GET https://firebase.googleapis.com/v1beta1/projects pageSize=100
[debug] [2023-07-29T20:07:40.394Z] <<< [apiv2][status] GET https://firebase.googleapis.com/v1beta1/projects 200
[debug] [2023-07-29T20:07:40.394Z] <<< [apiv2][body] GET https://firebase.googleapis.com/v1beta1/projects [omitted]
[info] i  Using project mount-basil-school (mount basil school) 
[info] 
=== Hosting Setup
[info] 
[info] Your public directory is the folder (relative to your project directory) that
[info] will contain Hosting assets to be uploaded with firebase deploy. If you
[info] have a build process for your assets, use your build's output directory.
[info] 
[debug] [2023-07-29T20:08:24.231Z] >>> [apiv2][query] GET https://www.gstatic.com/firebasejs/releases.json [none]
[debug] [2023-07-29T20:08:24.562Z] <<< [apiv2][status] GET https://www.gstatic.com/firebasejs/releases.json 200
[debug] [2023-07-29T20:08:24.562Z] <<< [apiv2][body] GET https://www.gstatic.com/firebasejs/releases.json {"current":{"version":"10.1.0","browserURL":"https://www.gstatic.com/firebasejs/10.1.0/firebase.js","packageURL":"https://www.gstatic.com/firebasejs/10.1.0/firebase.tgz"},"live":{"version":"10.1","browserURL":"https://www.gstatic.com/firebasejs/live/10.1/firebase.js","packageURL":"https://www.gstatic.com/firebasejs/live/10.1/firebase.tgz"},"components":{"analytics":"https://www.gstatic.com/firebasejs/10.1.0/firebase-analytics.js","app":"https://www.gstatic.com/firebasejs/10.1.0/firebase-app.js","app-check":"https://www.gstatic.com/firebasejs/10.1.0/firebase-app-check.js","auth":"https://www.gstatic.com/firebasejs/10.1.0/firebase-auth.js","auth/cordova":"https://www.gstatic.com/firebasejs/10.1.0/firebase-auth/cordova.js","functions":"https://www.gstatic.com/firebasejs/10.1.0/firebase-functions.js","firestore":"https://www.gstatic.com/firebasejs/10.1.0/firebase-firestore.js","firestore/lite":"https://www.gstatic.com/firebasejs/10.1.0/firebase-firestore/lite.js","installations":"https://www.gstatic.com/firebasejs/10.1.0/firebase-installations.js","storage":"https://www.gstatic.com/firebasejs/10.1.0/firebase-storage.js","performance":"https://www.gstatic.com/firebasejs/10.1.0/firebase-performance.js","remote-config":"https://www.gstatic.com/firebasejs/10.1.0/firebase-remote-config.js","messaging":"https://www.gstatic.com/firebasejs/10.1.0/firebase-messaging.js","messaging/sw":"https://www.gstatic.com/firebasejs/10.1.0/firebase-messaging/sw.js","database":"https://www.gstatic.com/firebasejs/10.1.0/firebase-database.js","firestore.memory":"https://www.gstatic.com/firebasejs/10.1.0/firebase-firestore.memory.js"}}
[info] +  Wrote dist/index.html 
[info] 
[info] i  Detected a .git folder at D:\mountbasil 
[info] i  Authorizing with GitHub to upload your service account to a GitHub repository's secrets store. 
[info] 
[info] Visit this URL on this device to log in:
[info] https://github.com/login/oauth/authorize?client_id=89cf50f02ac6aaed3484&state=269726422&redirect_uri=http%3A%2F%2Flocalhost%3A9005&scope=read%3Auser%20repo%20public_repo
[info] 
[info] Waiting for authentication...
[debug] [2023-07-29T20:08:33.967Z] >>> [apiv2][query] POST https://github.com/login/oauth/access_token [none]
[debug] [2023-07-29T20:08:33.968Z] >>> [apiv2][body] POST https://github.com/login/oauth/access_token [stream]
[debug] [2023-07-29T20:08:34.409Z] <<< [apiv2][status] POST https://github.com/login/oauth/access_token 200
[debug] [2023-07-29T20:08:34.409Z] <<< [apiv2][body] POST https://github.com/login/oauth/access_token {"access_token":"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","token_type":"bearer","scope":"read:user,repo"}
[debug] [2023-07-29T20:08:34.452Z] >>> [apiv2][query] GET https://api.github.com/user [none]
[debug] [2023-07-29T20:08:34.892Z] <<< [apiv2][status] GET https://api.github.com/user 200
[debug] [2023-07-29T20:08:34.892Z] <<< [apiv2][body] GET https://api.github.com/user {"login":"rushikesh1926","id":83777896,"node_id":"MDQ6VXNlcjgzNzc3ODk2","avatar_url":"https://avatars.githubusercontent.com/u/83777896?v=4","gravatar_id":"","url":"https://api.github.com/users/rushikesh1926","html_url":"https://github.com/rushikesh1926","followers_url":"https://api.github.com/users/rushikesh1926/followers","following_url":"https://api.github.com/users/rushikesh1926/following{/other_user}","gists_url":"https://api.github.com/users/rushikesh1926/gists{/gist_id}","starred_url":"https://api.github.com/users/rushikesh1926/starred{/owner}{/repo}","subscriptions_url":"https://api.github.com/users/rushikesh1926/subscriptions","organizations_url":"https://api.github.com/users/rushikesh1926/orgs","repos_url":"https://api.github.com/users/rushikesh1926/repos","events_url":"https://api.github.com/users/rushikesh1926/events{/privacy}","received_events_url":"https://api.github.com/users/rushikesh1926/received_events","type":"User","site_admin":false,"name":null,"company":null,"blog":"","location":null,"email":null,"hireable":null,"bio":null,"twitter_username":null,"public_repos":11,"public_gists":0,"followers":0,"following":0,"created_at":"2021-05-06T16:14:45Z","updated_at":"2023-07-29T20:08:29Z","private_gists":0,"total_private_repos":1,"owned_private_repos":1,"disk_usage":38890,"collaborators":0,"two_factor_authentication":false,"plan":{"name":"free","space":976562499,"collaborators":0,"private_repos":10000}}
[info] 
[info] +  Success! Logged into GitHub as rushikesh1926 
[info] 
